
a.out:     file format elf32-littleriscv
a.out
architecture: riscv:rv32, flags 0x00000112:
EXEC_P, HAS_SYMS, D_PAGED
start address 0x00010094

Program Header:
0x70000003 off    0x0000012e vaddr 0x00000000 paddr 0x00000000 align 2**0
         filesz 0x0000004a memsz 0x00000000 flags r--
    LOAD off    0x00000000 vaddr 0x00010000 paddr 0x00010000 align 2**12
         filesz 0x00000106 memsz 0x00000106 flags r-x
    LOAD off    0x00000108 vaddr 0x00011108 paddr 0x00011108 align 2**12
         filesz 0x00000014 memsz 0x0000001c flags rw-

Sections:
Idx Name              Size      VMA       LMA       File off  Algn  Flags
  0 .text             00000072  00010094  00010094  00000094  2**1  CONTENTS, ALLOC, LOAD, READONLY, CODE
  1 .got              00000014  00011108  00011108  00000108  2**2  CONTENTS, ALLOC, LOAD, DATA
  2 .bss              00000008  0001111c  0001111c  0000011c  2**2  ALLOC
  3 .comment          00000012  00000000  00000000  0000011c  2**0  CONTENTS, READONLY
  4 .riscv.attributes 0000004a  00000000  00000000  0000012e  2**0  CONTENTS, READONLY
SYMBOL TABLE:
00010094 l    d  .text	00000000 .text
00011108 l    d  .got	00000000 .got
0001111c l    d  .bss	00000000 .bss
00000000 l    d  .comment	00000000 .comment
00000000 l    d  .riscv.attributes	00000000 .riscv.attributes
00000000 l    df *ABS*	00000000 main.c
00000000 l    df *ABS*	00000000 a.c
00000000 l    df *ABS*	00000000 b.c
00011110 l     O .got	00000000 _GLOBAL_OFFSET_TABLE_
00011906 g       *ABS*	00000000 __global_pointer$
00011120 g     O .bss	00000004 b
0001111c g       .got	00000000 __SDATA_BEGIN__
000100f8 g     F .text	0000000e func_b
00010094 g     F .text	0000000e _start
00011124 g       .bss	00000000 __BSS_END__
0001111c g       .bss	00000000 __bss_start
000100a2 g     F .text	00000030 main
00011106 g       .got	00000000 __DATA_BEGIN__
0001111c g       .got	00000000 _edata
00011124 g       .bss	00000000 _end
000100d2 g     F .text	00000026 func_a
0001111c g     O .bss	00000004 a



Disassembly of section .text:

00010094 <_start>:
_start():
   10094:	1141                	addi	sp,sp,-16
   10096:	c622                	sw	s0,12(sp)
   10098:	0800                	addi	s0,sp,16
   1009a:	0001                	nop
   1009c:	4432                	lw	s0,12(sp)
   1009e:	0141                	addi	sp,sp,16
   100a0:	8082                	ret

000100a2 <main>:
main():
   100a2:	1141                	addi	sp,sp,-16
   100a4:	c606                	sw	ra,12(sp)
   100a6:	c422                	sw	s0,8(sp)
   100a8:	0800                	addi	s0,sp,16
   100aa:	2025                	jal	100d2 <func_a>
   100ac:	20b1                	jal	100f8 <func_b>
   100ae:	00001797          	auipc	a5,0x1
   100b2:	06a7a783          	lw	a5,106(a5) # 11118 <_GLOBAL_OFFSET_TABLE_+0x8>
   100b6:	439c                	lw	a5,0(a5)
   100b8:	00178713          	addi	a4,a5,1
   100bc:	00001797          	auipc	a5,0x1
   100c0:	05c7a783          	lw	a5,92(a5) # 11118 <_GLOBAL_OFFSET_TABLE_+0x8>
   100c4:	c398                	sw	a4,0(a5)
   100c6:	4781                	li	a5,0
   100c8:	853e                	mv	a0,a5
   100ca:	40b2                	lw	ra,12(sp)
   100cc:	4422                	lw	s0,8(sp)
   100ce:	0141                	addi	sp,sp,16
   100d0:	8082                	ret

000100d2 <func_a>:
func_a():
   100d2:	1141                	addi	sp,sp,-16
   100d4:	c622                	sw	s0,12(sp)
   100d6:	0800                	addi	s0,sp,16
   100d8:	00001797          	auipc	a5,0x1
   100dc:	03c7a783          	lw	a5,60(a5) # 11114 <_GLOBAL_OFFSET_TABLE_+0x4>
   100e0:	439c                	lw	a5,0(a5)
   100e2:	00178713          	addi	a4,a5,1
   100e6:	00001797          	auipc	a5,0x1
   100ea:	02e7a783          	lw	a5,46(a5) # 11114 <_GLOBAL_OFFSET_TABLE_+0x4>
   100ee:	c398                	sw	a4,0(a5)
   100f0:	0001                	nop
   100f2:	4432                	lw	s0,12(sp)
   100f4:	0141                	addi	sp,sp,16
   100f6:	8082                	ret

000100f8 <func_b>:
func_b():
   100f8:	1141                	addi	sp,sp,-16
   100fa:	c622                	sw	s0,12(sp)
   100fc:	0800                	addi	s0,sp,16
   100fe:	0001                	nop
   10100:	4432                	lw	s0,12(sp)
   10102:	0141                	addi	sp,sp,16
   10104:	8082                	ret
