
a.out:     file format elf32-littleriscv
a.out
architecture: riscv:rv32, flags 0x00000112:
EXEC_P, HAS_SYMS, D_PAGED
start address 0x00010094

Program Header:
0x70000003 off    0x00000108 vaddr 0x00000000 paddr 0x00000000 align 2**0
         filesz 0x0000004a memsz 0x00000000 flags r--
    LOAD off    0x00000000 vaddr 0x00010000 paddr 0x00010000 align 2**12
         filesz 0x000000f6 memsz 0x000000f6 flags r-x
    LOAD off    0x000000f8 vaddr 0x000110f8 paddr 0x000110f8 align 2**12
         filesz 0x00000000 memsz 0x00000008 flags rw-

Sections:
Idx Name              Size      VMA       LMA       File off  Algn  Flags
  0 .text             00000062  00010094  00010094  00000094  2**1  CONTENTS, ALLOC, LOAD, READONLY, CODE
  1 .sbss             00000008  000110f8  000110f8  000000f8  2**2  ALLOC
  2 .comment          00000012  00000000  00000000  000000f6  2**0  CONTENTS, READONLY
  3 .riscv.attributes 0000004a  00000000  00000000  00000108  2**0  CONTENTS, READONLY
SYMBOL TABLE:
00010094 l    d  .text	00000000 .text
000110f8 l    d  .sbss	00000000 .sbss
00000000 l    d  .comment	00000000 .comment
00000000 l    d  .riscv.attributes	00000000 .riscv.attributes
00000000 l    df *ABS*	00000000 main.c
00000000 l    df *ABS*	00000000 b.c
00000000 l    df *ABS*	00000000 a.c
000118f6 g       *ABS*	00000000 __global_pointer$
000110f8 g     O .sbss	00000004 b
000110f6 g       .text	00000000 __SDATA_BEGIN__
000100ca g     F .text	0000000e func_b
00010094 g     F .text	0000000e _start
00011100 g       .sbss	00000000 __BSS_END__
000110f6 g       .sbss	00000000 __bss_start
000100a2 g     F .text	00000028 main
000110f6 g       .text	00000000 __DATA_BEGIN__
000110f6 g       .text	00000000 _edata
00011100 g       .sbss	00000000 _end
000100d8 g     F .text	0000001e func_a
000110fc g     O .sbss	00000004 a



Disassembly of section .text:

00010094 <_start>:
_start():
   10094:	1141                	addi	sp,sp,-16
   10096:	c622                	sw	s0,12(sp)
   10098:	0800                	addi	s0,sp,16
   1009a:	0001                	nop
   1009c:	4432                	lw	s0,12(sp)
   1009e:	0141                	addi	sp,sp,16
   100a0:	8082                	ret

000100a2 <main>:
main():
   100a2:	1141                	addi	sp,sp,-16
   100a4:	c606                	sw	ra,12(sp)
   100a6:	c422                	sw	s0,8(sp)
   100a8:	0800                	addi	s0,sp,16
   100aa:	203d                	jal	100d8 <func_a>
   100ac:	2839                	jal	100ca <func_b>
   100ae:	67c5                	lui	a5,0x11
   100b0:	0fc7a783          	lw	a5,252(a5) # 110fc <a>
   100b4:	00178713          	addi	a4,a5,1
   100b8:	67c5                	lui	a5,0x11
   100ba:	0ee7ae23          	sw	a4,252(a5) # 110fc <a>
   100be:	4781                	li	a5,0
   100c0:	853e                	mv	a0,a5
   100c2:	40b2                	lw	ra,12(sp)
   100c4:	4422                	lw	s0,8(sp)
   100c6:	0141                	addi	sp,sp,16
   100c8:	8082                	ret

000100ca <func_b>:
func_b():
   100ca:	1141                	addi	sp,sp,-16
   100cc:	c622                	sw	s0,12(sp)
   100ce:	0800                	addi	s0,sp,16
   100d0:	0001                	nop
   100d2:	4432                	lw	s0,12(sp)
   100d4:	0141                	addi	sp,sp,16
   100d6:	8082                	ret

000100d8 <func_a>:
func_a():
   100d8:	1141                	addi	sp,sp,-16
   100da:	c622                	sw	s0,12(sp)
   100dc:	0800                	addi	s0,sp,16
   100de:	67c5                	lui	a5,0x11
   100e0:	0f87a783          	lw	a5,248(a5) # 110f8 <b>
   100e4:	00178713          	addi	a4,a5,1
   100e8:	67c5                	lui	a5,0x11
   100ea:	0ee7ac23          	sw	a4,248(a5) # 110f8 <b>
   100ee:	0001                	nop
   100f0:	4432                	lw	s0,12(sp)
   100f2:	0141                	addi	sp,sp,16
   100f4:	8082                	ret
